[1] "=== BATCH ALGORITHM RESULTS ==="
[1] "Batch Algorithm - Means of all runs:"
            actual           expected            chronic        agent_count 
      8.375000e-02       1.127300e-01       6.250000e-02       8.000000e+03 
          Hispanic            NHBlack            NHWhite              Other 
      1.862500e-01       1.525000e-01       6.337500e-01       2.750000e-02 
            Female               Male                <20              20-29 
      3.300000e-01       6.700000e-01       6.000000e-02       4.925000e-01 
             30-39              40-49                49+    hispanic_actual 
      2.937500e-01       1.287500e-01       2.500000e-02       1.476510e-01 
    nhblack_actual     nhwhite_actual       other_actual  hispanic_expected 
      9.836066e-02       6.508876e-02       0.000000e+00       1.006298e-01 
  nhblack_expected   nhwhite_expected     other_expected      female_actual 
      7.852646e-02       1.247936e-01       1.063471e-01       1.287879e-01 
       male_actual    female_expected      male_expected      less20_actual 
      6.156716e-02       1.482166e-01       9.525157e-02       1.250000e-01 
     20to29_actual      30to39_actual      40to49_actual   greater49_actual 
      7.868020e-02       8.085106e-02       7.766990e-02       1.500000e-01 
   less20_expected    20to29_expected    30to39_expected    40to49_expected 
      1.493932e-01       1.276039e-01       9.672838e-02       8.889566e-02 
greater49_expected 
      4.249008e-02 
[1] "=== CONTINUOUS ALGORITHM RESULTS ==="
[1] "Continuous Algorithm - Means of all runs:"
            actual           expected            chronic        agent_count 
      6.125000e-02       1.241281e-01       6.500000e-02       5.772000e+03 
          Hispanic            NHBlack            NHWhite              Other 
      1.850000e-01       1.537500e-01       6.350000e-01       2.625000e-02 
            Female               Male                <20              20-29 
      3.275000e-01       6.725000e-01       4.750000e-02       4.725000e-01 
             30-39              40-49                49+    hispanic_actual 
      2.900000e-01       1.450000e-01       4.500000e-02       6.756757e-02 
    nhblack_actual     nhwhite_actual       other_actual  hispanic_expected 
      8.943089e-02       5.314961e-02       4.761905e-02       1.513245e-01 
  nhblack_expected   nhwhite_expected     other_expected      female_actual 
      1.010037e-01       1.221466e-01       1.158334e-01       8.015267e-02 
       male_actual    female_expected      male_expected      less20_actual 
      5.204461e-02       1.566751e-01       1.082780e-01       1.315789e-01 
     20to29_actual      30to39_actual      40to49_actual   greater49_actual 
      6.349206e-02       6.465517e-02       4.310345e-02       0.000000e+00 
   less20_expected    20to29_expected    30to39_expected    40to49_expected 
      1.325893e-01       1.394616e-01       1.015457e-01       1.329791e-01 
greater49_expected 
      7.120559e-02 
[1] "=== ALGORITHM COMPARISON ==="
[1] "Batch vs Continuous - Key Metrics:"
[1] "Batch actual incidence: 0.0838"
[1] "Continuous actual incidence: 0.0612"
[1] "Batch agent count: 8000"
[1] "Continuous agent count: 5772"